[0.113s] DEBUG:colcon:Command line arguments: ['/usr/bin/colcon', 'build']
[0.113s] DEBUG:colcon:Parsed command line arguments: Namespace(log_base=None, log_level=None, verb_name='build', build_base='build', install_base='install', merge_install=False, symlink_install=False, test_result_base=None, continue_on_error=False, executor='parallel', parallel_workers=12, event_handlers=None, ignore_user_meta=False, metas=['./colcon.meta'], base_paths=['.'], packages_ignore=None, packages_ignore_regex=None, paths=None, packages_up_to=None, packages_up_to_regex=None, packages_above=None, packages_above_and_dependencies=None, packages_above_depth=None, packages_select_by_dep=None, packages_skip_by_dep=None, packages_skip_up_to=None, packages_select_build_failed=False, packages_skip_build_finished=False, packages_select_test_failures=False, packages_skip_test_passed=False, packages_select=None, packages_skip=None, packages_select_regex=None, packages_skip_regex=None, packages_start=None, packages_end=None, allow_overriding=[], cmake_args=None, cmake_target=None, cmake_target_skip_unavailable=False, cmake_clean_cache=False, cmake_clean_first=False, cmake_force_configure=False, ament_cmake_args=None, catkin_cmake_args=None, catkin_skip_building_tests=False, mixin_files=None, mixin=None, verb_parser=<colcon_mixin.mixin.mixin_argument.MixinArgumentDecorator object at 0x733d4ce75210>, verb_extension=<colcon_core.verb.build.BuildVerb object at 0x733d4ce74ca0>, main=<bound method BuildVerb.main of <colcon_core.verb.build.BuildVerb object at 0x733d4ce74ca0>>, mixin_verb=('build',))
[0.368s] Level 1:colcon.colcon_core.package_discovery:discover_packages(colcon_meta) check parameters
[0.368s] Level 1:colcon.colcon_core.package_discovery:discover_packages(recursive) check parameters
[0.368s] Level 1:colcon.colcon_core.package_discovery:discover_packages(ignore) check parameters
[0.368s] Level 1:colcon.colcon_core.package_discovery:discover_packages(path) check parameters
[0.368s] Level 1:colcon.colcon_core.package_discovery:discover_packages(colcon_meta) discover
[0.368s] Level 1:colcon.colcon_core.package_discovery:discover_packages(recursive) discover
[0.368s] INFO:colcon.colcon_core.package_discovery:Crawling recursively for packages in '/home/ducanh/Arena4-IsaacSim'
[0.368s] Level 1:colcon.colcon_core.package_identification:_identify(.) by extensions ['ignore', 'ignore_ament_install']
[0.368s] Level 1:colcon.colcon_core.package_identification:_identify(.) by extension 'ignore'
[0.368s] Level 1:colcon.colcon_core.package_identification:_identify(.) by extension 'ignore_ament_install'
[0.368s] Level 1:colcon.colcon_core.package_identification:_identify(.) by extensions ['colcon_pkg']
[0.368s] Level 1:colcon.colcon_core.package_identification:_identify(.) by extension 'colcon_pkg'
[0.368s] Level 1:colcon.colcon_core.package_identification:_identify(.) by extensions ['colcon_meta']
[0.368s] Level 1:colcon.colcon_core.package_identification:_identify(.) by extension 'colcon_meta'
[0.368s] Level 1:colcon.colcon_core.package_identification:_identify(.) by extensions ['ros']
[0.368s] Level 1:colcon.colcon_core.package_identification:_identify(.) by extension 'ros'
[0.414s] Level 1:colcon.colcon_core.package_identification:_identify(.) by extensions ['cmake', 'python']
[0.414s] Level 1:colcon.colcon_core.package_identification:_identify(.) by extension 'cmake'
[0.414s] Level 1:colcon.colcon_core.package_identification:_identify(.) by extension 'python'
[0.414s] Level 1:colcon.colcon_core.package_identification:_identify(.) by extensions ['python_setup_py']
[0.414s] Level 1:colcon.colcon_core.package_identification:_identify(.) by extension 'python_setup_py'
[0.414s] Level 1:colcon.colcon_core.package_identification:_identify(IsaacLab) by extensions ['ignore', 'ignore_ament_install']
[0.414s] Level 1:colcon.colcon_core.package_identification:_identify(IsaacLab) by extension 'ignore'
[0.414s] Level 1:colcon.colcon_core.package_identification:_identify(IsaacLab) ignored
[0.415s] Level 1:colcon.colcon_core.package_identification:_identify(build) by extensions ['ignore', 'ignore_ament_install']
[0.415s] Level 1:colcon.colcon_core.package_identification:_identify(build) by extension 'ignore'
[0.415s] Level 1:colcon.colcon_core.package_identification:_identify(build) ignored
[0.415s] Level 1:colcon.colcon_core.package_identification:_identify(install) by extensions ['ignore', 'ignore_ament_install']
[0.415s] Level 1:colcon.colcon_core.package_identification:_identify(install) by extension 'ignore'
[0.415s] Level 1:colcon.colcon_core.package_identification:_identify(install) ignored
[0.415s] Level 1:colcon.colcon_core.package_identification:_identify(log) by extensions ['ignore', 'ignore_ament_install']
[0.415s] Level 1:colcon.colcon_core.package_identification:_identify(log) by extension 'ignore'
[0.415s] Level 1:colcon.colcon_core.package_identification:_identify(log) ignored
[0.415s] Level 1:colcon.colcon_core.package_identification:_identify(src) by extensions ['ignore', 'ignore_ament_install']
[0.415s] Level 1:colcon.colcon_core.package_identification:_identify(src) by extension 'ignore'
[0.415s] Level 1:colcon.colcon_core.package_identification:_identify(src) by extension 'ignore_ament_install'
[0.415s] Level 1:colcon.colcon_core.package_identification:_identify(src) by extensions ['colcon_pkg']
[0.415s] Level 1:colcon.colcon_core.package_identification:_identify(src) by extension 'colcon_pkg'
[0.415s] Level 1:colcon.colcon_core.package_identification:_identify(src) by extensions ['colcon_meta']
[0.415s] Level 1:colcon.colcon_core.package_identification:_identify(src) by extension 'colcon_meta'
[0.415s] Level 1:colcon.colcon_core.package_identification:_identify(src) by extensions ['ros']
[0.415s] Level 1:colcon.colcon_core.package_identification:_identify(src) by extension 'ros'
[0.416s] Level 1:colcon.colcon_core.package_identification:_identify(src) by extensions ['cmake', 'python']
[0.416s] Level 1:colcon.colcon_core.package_identification:_identify(src) by extension 'cmake'
[0.416s] Level 1:colcon.colcon_core.package_identification:_identify(src) by extension 'python'
[0.416s] Level 1:colcon.colcon_core.package_identification:_identify(src) by extensions ['python_setup_py']
[0.416s] Level 1:colcon.colcon_core.package_identification:_identify(src) by extension 'python_setup_py'
[0.416s] Level 1:colcon.colcon_core.package_identification:_identify(src/ros2isaacsim) by extensions ['ignore', 'ignore_ament_install']
[0.416s] Level 1:colcon.colcon_core.package_identification:_identify(src/ros2isaacsim) by extension 'ignore'
[0.416s] Level 1:colcon.colcon_core.package_identification:_identify(src/ros2isaacsim) by extension 'ignore_ament_install'
[0.416s] Level 1:colcon.colcon_core.package_identification:_identify(src/ros2isaacsim) by extensions ['colcon_pkg']
[0.416s] Level 1:colcon.colcon_core.package_identification:_identify(src/ros2isaacsim) by extension 'colcon_pkg'
[0.416s] Level 1:colcon.colcon_core.package_identification:_identify(src/ros2isaacsim) by extensions ['colcon_meta']
[0.416s] Level 1:colcon.colcon_core.package_identification:_identify(src/ros2isaacsim) by extension 'colcon_meta'
[0.416s] Level 1:colcon.colcon_core.package_identification:_identify(src/ros2isaacsim) by extensions ['ros']
[0.416s] Level 1:colcon.colcon_core.package_identification:_identify(src/ros2isaacsim) by extension 'ros'
[0.419s] DEBUG:colcon.colcon_core.package_identification:Package 'src/ros2isaacsim' with type 'ros.ament_python' and name 'ros2isaacsim'
[0.419s] Level 1:colcon.colcon_core.package_identification:_identify(venv) by extensions ['ignore', 'ignore_ament_install']
[0.419s] Level 1:colcon.colcon_core.package_identification:_identify(venv) by extension 'ignore'
[0.419s] Level 1:colcon.colcon_core.package_identification:_identify(venv) ignored
[0.419s] Level 1:colcon.colcon_core.package_discovery:discover_packages(recursive) using defaults
[0.419s] Level 1:colcon.colcon_core.package_discovery:discover_packages(ignore) discover
[0.419s] Level 1:colcon.colcon_core.package_discovery:discover_packages(ignore) using defaults
[0.419s] Level 1:colcon.colcon_core.package_discovery:discover_packages(path) discover
[0.419s] Level 1:colcon.colcon_core.package_discovery:discover_packages(path) using defaults
[0.438s] Level 1:colcon.colcon_core.package_discovery:discover_packages(prefix_path) check parameters
[0.438s] Level 1:colcon.colcon_core.package_discovery:discover_packages(prefix_path) discover
[0.441s] DEBUG:colcon.colcon_installed_package_information.package_discovery:Found 319 installed packages in /opt/ros/humble
[0.442s] Level 1:colcon.colcon_core.package_discovery:discover_packages(prefix_path) using defaults
[0.470s] Level 5:colcon.colcon_core.verb:set package 'ros2isaacsim' build argument 'cmake_args' from command line to 'None'
[0.470s] Level 5:colcon.colcon_core.verb:set package 'ros2isaacsim' build argument 'cmake_target' from command line to 'None'
[0.470s] Level 5:colcon.colcon_core.verb:set package 'ros2isaacsim' build argument 'cmake_target_skip_unavailable' from command line to 'False'
[0.470s] Level 5:colcon.colcon_core.verb:set package 'ros2isaacsim' build argument 'cmake_clean_cache' from command line to 'False'
[0.470s] Level 5:colcon.colcon_core.verb:set package 'ros2isaacsim' build argument 'cmake_clean_first' from command line to 'False'
[0.470s] Level 5:colcon.colcon_core.verb:set package 'ros2isaacsim' build argument 'cmake_force_configure' from command line to 'False'
[0.470s] Level 5:colcon.colcon_core.verb:set package 'ros2isaacsim' build argument 'ament_cmake_args' from command line to 'None'
[0.470s] Level 5:colcon.colcon_core.verb:set package 'ros2isaacsim' build argument 'catkin_cmake_args' from command line to 'None'
[0.470s] Level 5:colcon.colcon_core.verb:set package 'ros2isaacsim' build argument 'catkin_skip_building_tests' from command line to 'False'
[0.470s] DEBUG:colcon.colcon_core.verb:Building package 'ros2isaacsim' with the following arguments: {'ament_cmake_args': None, 'build_base': '/home/ducanh/Arena4-IsaacSim/build/ros2isaacsim', 'catkin_cmake_args': None, 'catkin_skip_building_tests': False, 'cmake_args': None, 'cmake_clean_cache': False, 'cmake_clean_first': False, 'cmake_force_configure': False, 'cmake_target': None, 'cmake_target_skip_unavailable': False, 'install_base': '/home/ducanh/Arena4-IsaacSim/install/ros2isaacsim', 'merge_install': False, 'path': '/home/ducanh/Arena4-IsaacSim/src/ros2isaacsim', 'symlink_install': False, 'test_result_base': None}
[0.470s] INFO:colcon.colcon_core.executor:Executing jobs using 'parallel' executor
[0.471s] DEBUG:colcon.colcon_parallel_executor.executor.parallel:run_until_complete
[0.471s] INFO:colcon.colcon_ros.task.ament_python.build:Building ROS package in '/home/ducanh/Arena4-IsaacSim/src/ros2isaacsim' with build type 'ament_python'
[0.471s] Level 1:colcon.colcon_core.shell:create_environment_hook('ros2isaacsim', 'ament_prefix_path')
[0.474s] INFO:colcon.colcon_core.plugin_system:Skipping extension 'colcon_core.shell.bat': Not used on non-Windows systems
[0.474s] INFO:colcon.colcon_core.shell:Creating environment hook '/home/ducanh/Arena4-IsaacSim/install/ros2isaacsim/share/ros2isaacsim/hook/ament_prefix_path.ps1'
[0.475s] INFO:colcon.colcon_core.shell:Creating environment descriptor '/home/ducanh/Arena4-IsaacSim/install/ros2isaacsim/share/ros2isaacsim/hook/ament_prefix_path.dsv'
[0.476s] INFO:colcon.colcon_core.shell:Creating environment hook '/home/ducanh/Arena4-IsaacSim/install/ros2isaacsim/share/ros2isaacsim/hook/ament_prefix_path.sh'
[0.476s] INFO:colcon.colcon_core.shell:Skip shell extension 'powershell' for command environment: Not usable outside of PowerShell
[0.476s] DEBUG:colcon.colcon_core.shell:Skip shell extension 'dsv' for command environment
[0.837s] INFO:colcon.colcon_core.task.python.build:Building Python package in '/home/ducanh/Arena4-IsaacSim/src/ros2isaacsim'
[0.837s] INFO:colcon.colcon_core.shell:Skip shell extension 'powershell' for command environment: Not usable outside of PowerShell
[0.837s] DEBUG:colcon.colcon_core.shell:Skip shell extension 'dsv' for command environment
[1.479s] DEBUG:colcon.colcon_core.event_handler.log_command:Invoking command in '/home/ducanh/Arena4-IsaacSim/src/ros2isaacsim': PS1=(venv) \[\e]0;\u@\h: \w\a\]${debian_chroot:+($debian_chroot)}\[\033[01;32m\]\u@\h\[\033[00m\]:\[\033[01;34m\]\w\[\033[00m\]\$ PYTHONPATH=/home/ducanh/Arena4-IsaacSim/build/ros2isaacsim/prefix_override:/usr/lib/python3/dist-packages/colcon_core/task/python/colcon_distutils_commands:/home/ducanh/Arena4-IsaacSim/install/ros2isaacsim/lib/python3.10/site-packages:${PYTHONPATH} /usr/bin/python3 -W ignore:setup.py install is deprecated setup.py egg_info --egg-base ../../build/ros2isaacsim build --build-base /home/ducanh/Arena4-IsaacSim/build/ros2isaacsim/build install --record /home/ducanh/Arena4-IsaacSim/build/ros2isaacsim/install.log --single-version-externally-managed install_data
[2.075s] DEBUG:colcon.colcon_core.event_handler.log_command:Invoked command in '/home/ducanh/Arena4-IsaacSim/src/ros2isaacsim' returned '0': PS1=(venv) \[\e]0;\u@\h: \w\a\]${debian_chroot:+($debian_chroot)}\[\033[01;32m\]\u@\h\[\033[00m\]:\[\033[01;34m\]\w\[\033[00m\]\$ PYTHONPATH=/home/ducanh/Arena4-IsaacSim/build/ros2isaacsim/prefix_override:/usr/lib/python3/dist-packages/colcon_core/task/python/colcon_distutils_commands:/home/ducanh/Arena4-IsaacSim/install/ros2isaacsim/lib/python3.10/site-packages:${PYTHONPATH} /usr/bin/python3 -W ignore:setup.py install is deprecated setup.py egg_info --egg-base ../../build/ros2isaacsim build --build-base /home/ducanh/Arena4-IsaacSim/build/ros2isaacsim/build install --record /home/ducanh/Arena4-IsaacSim/build/ros2isaacsim/install.log --single-version-externally-managed install_data
[2.079s] Level 1:colcon.colcon_core.environment:checking '/home/ducanh/Arena4-IsaacSim/install/ros2isaacsim' for CMake module files
[2.079s] Level 1:colcon.colcon_core.environment:checking '/home/ducanh/Arena4-IsaacSim/install/ros2isaacsim' for CMake config files
[2.080s] Level 1:colcon.colcon_core.environment:checking '/home/ducanh/Arena4-IsaacSim/install/ros2isaacsim/lib'
[2.080s] Level 1:colcon.colcon_core.environment:checking '/home/ducanh/Arena4-IsaacSim/install/ros2isaacsim/bin'
[2.080s] Level 1:colcon.colcon_core.environment:checking '/home/ducanh/Arena4-IsaacSim/install/ros2isaacsim/lib/pkgconfig/ros2isaacsim.pc'
[2.080s] Level 1:colcon.colcon_core.environment:checking '/home/ducanh/Arena4-IsaacSim/install/ros2isaacsim/lib/python3.10/site-packages'
[2.080s] Level 1:colcon.colcon_core.shell:create_environment_hook('ros2isaacsim', 'pythonpath')
[2.080s] INFO:colcon.colcon_core.shell:Creating environment hook '/home/ducanh/Arena4-IsaacSim/install/ros2isaacsim/share/ros2isaacsim/hook/pythonpath.ps1'
[2.081s] INFO:colcon.colcon_core.shell:Creating environment descriptor '/home/ducanh/Arena4-IsaacSim/install/ros2isaacsim/share/ros2isaacsim/hook/pythonpath.dsv'
[2.081s] INFO:colcon.colcon_core.shell:Creating environment hook '/home/ducanh/Arena4-IsaacSim/install/ros2isaacsim/share/ros2isaacsim/hook/pythonpath.sh'
[2.081s] Level 1:colcon.colcon_core.environment:checking '/home/ducanh/Arena4-IsaacSim/install/ros2isaacsim/bin'
[2.081s] Level 1:colcon.colcon_core.environment:create_environment_scripts_only(ros2isaacsim)
[2.081s] INFO:colcon.colcon_core.shell:Creating package script '/home/ducanh/Arena4-IsaacSim/install/ros2isaacsim/share/ros2isaacsim/package.ps1'
[2.082s] INFO:colcon.colcon_core.shell:Creating package descriptor '/home/ducanh/Arena4-IsaacSim/install/ros2isaacsim/share/ros2isaacsim/package.dsv'
[2.083s] INFO:colcon.colcon_core.shell:Creating package script '/home/ducanh/Arena4-IsaacSim/install/ros2isaacsim/share/ros2isaacsim/package.sh'
[2.083s] INFO:colcon.colcon_core.shell:Creating package script '/home/ducanh/Arena4-IsaacSim/install/ros2isaacsim/share/ros2isaacsim/package.bash'
[2.084s] INFO:colcon.colcon_core.shell:Creating package script '/home/ducanh/Arena4-IsaacSim/install/ros2isaacsim/share/ros2isaacsim/package.zsh'
[2.084s] Level 1:colcon.colcon_core.environment:create_file_with_runtime_dependencies(/home/ducanh/Arena4-IsaacSim/install/ros2isaacsim/share/colcon-core/packages/ros2isaacsim)
[2.085s] DEBUG:colcon.colcon_parallel_executor.executor.parallel:closing loop
[2.085s] DEBUG:colcon.colcon_parallel_executor.executor.parallel:loop closed
[2.085s] DEBUG:colcon.colcon_parallel_executor.executor.parallel:run_until_complete finished with '0'
[2.085s] DEBUG:colcon.colcon_core.event_reactor:joining thread
[2.090s] INFO:colcon.colcon_core.plugin_system:Skipping extension 'colcon_notification.desktop_notification.terminal_notifier': Not used on non-Darwin systems
[2.090s] INFO:colcon.colcon_core.plugin_system:Skipping extension 'colcon_notification.desktop_notification.win32': Not used on non-Windows systems
[2.090s] INFO:colcon.colcon_notification.desktop_notification:Sending desktop notification using 'notify2'
[2.107s] DEBUG:colcon.colcon_core.event_reactor:joined thread
[2.107s] INFO:colcon.colcon_core.shell:Creating prefix script '/home/ducanh/Arena4-IsaacSim/install/local_setup.ps1'
[2.108s] INFO:colcon.colcon_core.shell:Creating prefix util module '/home/ducanh/Arena4-IsaacSim/install/_local_setup_util_ps1.py'
[2.109s] INFO:colcon.colcon_core.shell:Creating prefix chain script '/home/ducanh/Arena4-IsaacSim/install/setup.ps1'
[2.110s] INFO:colcon.colcon_core.shell:Creating prefix script '/home/ducanh/Arena4-IsaacSim/install/local_setup.sh'
[2.110s] INFO:colcon.colcon_core.shell:Creating prefix util module '/home/ducanh/Arena4-IsaacSim/install/_local_setup_util_sh.py'
[2.111s] INFO:colcon.colcon_core.shell:Creating prefix chain script '/home/ducanh/Arena4-IsaacSim/install/setup.sh'
[2.111s] INFO:colcon.colcon_core.shell:Creating prefix script '/home/ducanh/Arena4-IsaacSim/install/local_setup.bash'
[2.112s] INFO:colcon.colcon_core.shell:Creating prefix chain script '/home/ducanh/Arena4-IsaacSim/install/setup.bash'
[2.112s] INFO:colcon.colcon_core.shell:Creating prefix script '/home/ducanh/Arena4-IsaacSim/install/local_setup.zsh'
[2.113s] INFO:colcon.colcon_core.shell:Creating prefix chain script '/home/ducanh/Arena4-IsaacSim/install/setup.zsh'
