[0.349s] Invoking command in '/home/brainfucker/Arena4-IsaacSim/src/ros2isaacsim': PS1=(venv) \[\e]0;\u@\h: \w\a\]${debian_chroot:+($debian_chroot)}\[\033[01;32m\]\u@\h\[\033[00m\]:\[\033[01;34m\]\w\[\033[00m\]\$ PYTHONPATH=/home/brainfucker/Arena4-IsaacSim/build/ros2isaacsim/prefix_override:/usr/lib/python3/dist-packages/colcon_core/task/python/colcon_distutils_commands:/home/brainfucker/Arena4-IsaacSim/install/ros2isaacsim/lib/python3.10/site-packages:${PYTHONPATH} /usr/bin/python3 -W ignore:setup.py install is deprecated setup.py egg_info --egg-base ../../build/ros2isaacsim build --build-base /home/brainfucker/Arena4-IsaacSim/build/ros2isaacsim/build install --record /home/brainfucker/Arena4-IsaacSim/build/ros2isaacsim/install.log --single-version-externally-managed install_data
[0.478s] running egg_info
[0.479s] writing ../../build/ros2isaacsim/ros2isaacsim.egg-info/PKG-INFO
[0.479s] writing dependency_links to ../../build/ros2isaacsim/ros2isaacsim.egg-info/dependency_links.txt
[0.479s] writing entry points to ../../build/ros2isaacsim/ros2isaacsim.egg-info/entry_points.txt
[0.479s] writing requirements to ../../build/ros2isaacsim/ros2isaacsim.egg-info/requires.txt
[0.479s] writing top-level names to ../../build/ros2isaacsim/ros2isaacsim.egg-info/top_level.txt
[0.480s] reading manifest file '../../build/ros2isaacsim/ros2isaacsim.egg-info/SOURCES.txt'
[0.487s] writing manifest file '../../build/ros2isaacsim/ros2isaacsim.egg-info/SOURCES.txt'
[0.487s] running build
[0.487s] running build_py
[0.487s] running install
[0.488s] running install_lib
[0.488s] running install_data
[0.489s] running install_egg_info
[0.489s] removing '/home/brainfucker/Arena4-IsaacSim/install/ros2isaacsim/lib/python3.10/site-packages/ros2isaacsim-0.0.0-py3.10.egg-info' (and everything under it)
[0.489s] Copying ../../build/ros2isaacsim/ros2isaacsim.egg-info to /home/brainfucker/Arena4-IsaacSim/install/ros2isaacsim/lib/python3.10/site-packages/ros2isaacsim-0.0.0-py3.10.egg-info
[0.490s] running install_scripts
[0.502s] Installing run_isaacsim script to /home/brainfucker/Arena4-IsaacSim/install/ros2isaacsim/lib/ros2isaacsim
[0.502s] writing list of installed files to '/home/brainfucker/Arena4-IsaacSim/build/ros2isaacsim/install.log'
[0.516s] Invoked command in '/home/brainfucker/Arena4-IsaacSim/src/ros2isaacsim' returned '0': PS1=(venv) \[\e]0;\u@\h: \w\a\]${debian_chroot:+($debian_chroot)}\[\033[01;32m\]\u@\h\[\033[00m\]:\[\033[01;34m\]\w\[\033[00m\]\$ PYTHONPATH=/home/brainfucker/Arena4-IsaacSim/build/ros2isaacsim/prefix_override:/usr/lib/python3/dist-packages/colcon_core/task/python/colcon_distutils_commands:/home/brainfucker/Arena4-IsaacSim/install/ros2isaacsim/lib/python3.10/site-packages:${PYTHONPATH} /usr/bin/python3 -W ignore:setup.py install is deprecated setup.py egg_info --egg-base ../../build/ros2isaacsim build --build-base /home/brainfucker/Arena4-IsaacSim/build/ros2isaacsim/build install --record /home/brainfucker/Arena4-IsaacSim/build/ros2isaacsim/install.log --single-version-externally-managed install_data
