[0.660s] Invoking command in '/home/brainfucker/Arena4-IsaacSim/src/ros2isaacsim': BYOBU_DATE=%Y-%m-%d PS1=(venv) ${debian_chroot:+($debian_chroot)}\[\033[01;32m\]\u@\h\[\033[00m\]:\[\033[01;34m\]\w\[\033[00m\]\$ PYTHONPATH=/home/brainfucker/Arena4-IsaacSim/build/ros2isaacsim/prefix_override:/usr/lib/python3/dist-packages/colcon_core/task/python/colcon_distutils_commands:/home/brainfucker/Arena4-IsaacSim/install/ros2isaacsim/lib/python3.10/site-packages:${PYTHONPATH} /usr/bin/python3 -W ignore:setup.py install is deprecated setup.py egg_info --egg-base ../../build/ros2isaacsim build --build-base /home/brainfucker/Arena4-IsaacSim/build/ros2isaacsim/build install --record /home/brainfucker/Arena4-IsaacSim/build/ros2isaacsim/install.log --single-version-externally-managed install_data
[0.926s] running egg_info
[0.935s] writing ../../build/ros2isaacsim/ros2isaacsim.egg-info/PKG-INFO
[0.936s] writing dependency_links to ../../build/ros2isaacsim/ros2isaacsim.egg-info/dependency_links.txt
[0.936s] writing entry points to ../../build/ros2isaacsim/ros2isaacsim.egg-info/entry_points.txt
[0.936s] writing requirements to ../../build/ros2isaacsim/ros2isaacsim.egg-info/requires.txt
[0.936s] writing top-level names to ../../build/ros2isaacsim/ros2isaacsim.egg-info/top_level.txt
[0.982s] writing manifest file '../../build/ros2isaacsim/ros2isaacsim.egg-info/SOURCES.txt'
[0.982s] running build
[0.982s] running build_py
[0.982s] copying ros2isaacsim/run_isaacsim.py -> /home/brainfucker/Arena4-IsaacSim/build/ros2isaacsim/build/lib/ros2isaacsim
[0.982s] running install
[0.986s] running install_lib
[0.996s] copying /home/brainfucker/Arena4-IsaacSim/build/ros2isaacsim/build/lib/ros2isaacsim/run_isaacsim.py -> /home/brainfucker/Arena4-IsaacSim/install/ros2isaacsim/lib/python3.10/site-packages/ros2isaacsim
[0.996s] byte-compiling /home/brainfucker/Arena4-IsaacSim/install/ros2isaacsim/lib/python3.10/site-packages/ros2isaacsim/run_isaacsim.py to run_isaacsim.cpython-310.pyc
[0.996s] running install_data
[0.996s] running install_egg_info
[1.006s] removing '/home/brainfucker/Arena4-IsaacSim/install/ros2isaacsim/lib/python3.10/site-packages/ros2isaacsim-0.0.0-py3.10.egg-info' (and everything under it)
[1.007s] Copying ../../build/ros2isaacsim/ros2isaacsim.egg-info to /home/brainfucker/Arena4-IsaacSim/install/ros2isaacsim/lib/python3.10/site-packages/ros2isaacsim-0.0.0-py3.10.egg-info
[1.007s] running install_scripts
[1.048s] Installing run_isaacsim script to /home/brainfucker/Arena4-IsaacSim/install/ros2isaacsim/lib/ros2isaacsim
[1.048s] writing list of installed files to '/home/brainfucker/Arena4-IsaacSim/build/ros2isaacsim/install.log'
[1.073s] Invoked command in '/home/brainfucker/Arena4-IsaacSim/src/ros2isaacsim' returned '0': BYOBU_DATE=%Y-%m-%d PS1=(venv) ${debian_chroot:+($debian_chroot)}\[\033[01;32m\]\u@\h\[\033[00m\]:\[\033[01;34m\]\w\[\033[00m\]\$ PYTHONPATH=/home/brainfucker/Arena4-IsaacSim/build/ros2isaacsim/prefix_override:/usr/lib/python3/dist-packages/colcon_core/task/python/colcon_distutils_commands:/home/brainfucker/Arena4-IsaacSim/install/ros2isaacsim/lib/python3.10/site-packages:${PYTHONPATH} /usr/bin/python3 -W ignore:setup.py install is deprecated setup.py egg_info --egg-base ../../build/ros2isaacsim build --build-base /home/brainfucker/Arena4-IsaacSim/build/ros2isaacsim/build install --record /home/brainfucker/Arena4-IsaacSim/build/ros2isaacsim/install.log --single-version-externally-managed install_data
