[0.366s] Invoking command in '/home/brainfucker/Arena4-IsaacSim/src/isaacsim': BYOBU_DATE=%Y-%m-%d PYTHONPATH=/home/brainfucker/Arena4-IsaacSim/build/isaacsim/prefix_override:/usr/lib/python3/dist-packages/colcon_core/task/python/colcon_distutils_commands:/home/brainfucker/Arena4-IsaacSim/install/isaacsim/lib/python3.10/site-packages:${PYTHONPATH} /usr/bin/python3 -W ignore:setup.py install is deprecated setup.py egg_info --egg-base ../../build/isaacsim build --build-base /home/brainfucker/Arena4-IsaacSim/build/isaacsim/build install --record /home/brainfucker/Arena4-IsaacSim/build/isaacsim/install.log --single-version-externally-managed install_data
[0.507s] running egg_info
[0.508s] writing ../../build/isaacsim/isaacsim.egg-info/PKG-INFO
[0.508s] writing dependency_links to ../../build/isaacsim/isaacsim.egg-info/dependency_links.txt
[0.508s] writing entry points to ../../build/isaacsim/isaacsim.egg-info/entry_points.txt
[0.508s] writing requirements to ../../build/isaacsim/isaacsim.egg-info/requires.txt
[0.508s] writing top-level names to ../../build/isaacsim/isaacsim.egg-info/top_level.txt
[0.509s] reading manifest file '../../build/isaacsim/isaacsim.egg-info/SOURCES.txt'
[0.510s] writing manifest file '../../build/isaacsim/isaacsim.egg-info/SOURCES.txt'
[0.510s] running build
[0.510s] running build_py
[0.510s] running install
[0.510s] running install_lib
[0.511s] running install_data
[0.511s] running install_egg_info
[0.512s] removing '/home/brainfucker/Arena4-IsaacSim/install/isaacsim/lib/python3.10/site-packages/isaacsim-0.0.0-py3.10.egg-info' (and everything under it)
[0.512s] Copying ../../build/isaacsim/isaacsim.egg-info to /home/brainfucker/Arena4-IsaacSim/install/isaacsim/lib/python3.10/site-packages/isaacsim-0.0.0-py3.10.egg-info
[0.512s] running install_scripts
[0.525s] writing list of installed files to '/home/brainfucker/Arena4-IsaacSim/build/isaacsim/install.log'
[0.540s] Invoked command in '/home/brainfucker/Arena4-IsaacSim/src/isaacsim' returned '0': BYOBU_DATE=%Y-%m-%d PYTHONPATH=/home/brainfucker/Arena4-IsaacSim/build/isaacsim/prefix_override:/usr/lib/python3/dist-packages/colcon_core/task/python/colcon_distutils_commands:/home/brainfucker/Arena4-IsaacSim/install/isaacsim/lib/python3.10/site-packages:${PYTHONPATH} /usr/bin/python3 -W ignore:setup.py install is deprecated setup.py egg_info --egg-base ../../build/isaacsim build --build-base /home/brainfucker/Arena4-IsaacSim/build/isaacsim/build install --record /home/brainfucker/Arena4-IsaacSim/build/isaacsim/install.log --single-version-externally-managed install_data
