running egg_info
creating ../../build/isaacsim/isaacsim.egg-info
writing ../../build/isaacsim/isaacsim.egg-info/PKG-INFO
writing dependency_links to ../../build/isaacsim/isaacsim.egg-info/dependency_links.txt
writing entry points to ../../build/isaacsim/isaacsim.egg-info/entry_points.txt
writing requirements to ../../build/isaacsim/isaacsim.egg-info/requires.txt
writing top-level names to ../../build/isaacsim/isaacsim.egg-info/top_level.txt
writing manifest file '../../build/isaacsim/isaacsim.egg-info/SOURCES.txt'
reading manifest file '../../build/isaacsim/isaacsim.egg-info/SOURCES.txt'
writing manifest file '../../build/isaacsim/isaacsim.egg-info/SOURCES.txt'
running build
running build_py
creating /home/brainfucker/Arena4-IsaacSim/build/isaacsim/build
creating /home/brainfucker/Arena4-IsaacSim/build/isaacsim/build/lib
creating /home/brainfucker/Arena4-IsaacSim/build/isaacsim/build/lib/isaacsim
copying isaacsim/__init__.py -> /home/brainfucker/Arena4-IsaacSim/build/isaacsim/build/lib/isaacsim
running install
running install_lib
creating /home/brainfucker/Arena4-IsaacSim/install/isaacsim/lib/python3.10/site-packages/isaacsim
copying /home/brainfucker/Arena4-IsaacSim/build/isaacsim/build/lib/isaacsim/__init__.py -> /home/brainfucker/Arena4-IsaacSim/install/isaacsim/lib/python3.10/site-packages/isaacsim
byte-compiling /home/brainfucker/Arena4-IsaacSim/install/isaacsim/lib/python3.10/site-packages/isaacsim/__init__.py to __init__.cpython-310.pyc
running install_data
creating /home/brainfucker/Arena4-IsaacSim/install/isaacsim/share/ament_index
creating /home/brainfucker/Arena4-IsaacSim/install/isaacsim/share/ament_index/resource_index
creating /home/brainfucker/Arena4-IsaacSim/install/isaacsim/share/ament_index/resource_index/packages
copying resource/isaacsim -> /home/brainfucker/Arena4-IsaacSim/install/isaacsim/share/ament_index/resource_index/packages
copying package.xml -> /home/brainfucker/Arena4-IsaacSim/install/isaacsim/share/isaacsim
running install_egg_info
Copying ../../build/isaacsim/isaacsim.egg-info to /home/brainfucker/Arena4-IsaacSim/install/isaacsim/lib/python3.10/site-packages/isaacsim-0.0.0-py3.10.egg-info
running install_scripts
writing list of installed files to '/home/brainfucker/Arena4-IsaacSim/build/isaacsim/install.log'
