[0.393s] Invoking command in '/home/brainfucker/Arena4-IsaacSim/src/isaacsim': PYTHONPATH=/home/brainfucker/Arena4-IsaacSim/build/isaacsim/prefix_override:/usr/lib/python3/dist-packages/colcon_core/task/python/colcon_distutils_commands:/home/brainfucker/Arena4-IsaacSim/install/isaacsim/lib/python3.10/site-packages:${PYTHONPATH} /usr/bin/python3 -W ignore:setup.py install is deprecated setup.py egg_info --egg-base ../../build/isaacsim build --build-base /home/brainfucker/Arena4-IsaacSim/build/isaacsim/build install --record /home/brainfucker/Arena4-IsaacSim/build/isaacsim/install.log --single-version-externally-managed install_data
[0.534s] running egg_info
[0.534s] creating ../../build/isaacsim/isaacsim.egg-info
[0.534s] writing ../../build/isaacsim/isaacsim.egg-info/PKG-INFO
[0.534s] writing dependency_links to ../../build/isaacsim/isaacsim.egg-info/dependency_links.txt
[0.534s] writing entry points to ../../build/isaacsim/isaacsim.egg-info/entry_points.txt
[0.535s] writing requirements to ../../build/isaacsim/isaacsim.egg-info/requires.txt
[0.535s] writing top-level names to ../../build/isaacsim/isaacsim.egg-info/top_level.txt
[0.535s] writing manifest file '../../build/isaacsim/isaacsim.egg-info/SOURCES.txt'
[0.536s] reading manifest file '../../build/isaacsim/isaacsim.egg-info/SOURCES.txt'
[0.536s] writing manifest file '../../build/isaacsim/isaacsim.egg-info/SOURCES.txt'
[0.536s] running build
[0.536s] running build_py
[0.536s] creating /home/brainfucker/Arena4-IsaacSim/build/isaacsim/build
[0.536s] creating /home/brainfucker/Arena4-IsaacSim/build/isaacsim/build/lib
[0.536s] creating /home/brainfucker/Arena4-IsaacSim/build/isaacsim/build/lib/isaacsim
[0.536s] copying isaacsim/__init__.py -> /home/brainfucker/Arena4-IsaacSim/build/isaacsim/build/lib/isaacsim
[0.536s] running install
[0.536s] running install_lib
[0.537s] creating /home/brainfucker/Arena4-IsaacSim/install/isaacsim/lib/python3.10/site-packages/isaacsim
[0.537s] copying /home/brainfucker/Arena4-IsaacSim/build/isaacsim/build/lib/isaacsim/__init__.py -> /home/brainfucker/Arena4-IsaacSim/install/isaacsim/lib/python3.10/site-packages/isaacsim
[0.537s] byte-compiling /home/brainfucker/Arena4-IsaacSim/install/isaacsim/lib/python3.10/site-packages/isaacsim/__init__.py to __init__.cpython-310.pyc
[0.537s] running install_data
[0.537s] creating /home/brainfucker/Arena4-IsaacSim/install/isaacsim/share/ament_index
[0.537s] creating /home/brainfucker/Arena4-IsaacSim/install/isaacsim/share/ament_index/resource_index
[0.537s] creating /home/brainfucker/Arena4-IsaacSim/install/isaacsim/share/ament_index/resource_index/packages
[0.538s] copying resource/isaacsim -> /home/brainfucker/Arena4-IsaacSim/install/isaacsim/share/ament_index/resource_index/packages
[0.538s] copying package.xml -> /home/brainfucker/Arena4-IsaacSim/install/isaacsim/share/isaacsim
[0.538s] running install_egg_info
[0.539s] Copying ../../build/isaacsim/isaacsim.egg-info to /home/brainfucker/Arena4-IsaacSim/install/isaacsim/lib/python3.10/site-packages/isaacsim-0.0.0-py3.10.egg-info
[0.539s] running install_scripts
[0.552s] writing list of installed files to '/home/brainfucker/Arena4-IsaacSim/build/isaacsim/install.log'
[0.566s] Invoked command in '/home/brainfucker/Arena4-IsaacSim/src/isaacsim' returned '0': PYTHONPATH=/home/brainfucker/Arena4-IsaacSim/build/isaacsim/prefix_override:/usr/lib/python3/dist-packages/colcon_core/task/python/colcon_distutils_commands:/home/brainfucker/Arena4-IsaacSim/install/isaacsim/lib/python3.10/site-packages:${PYTHONPATH} /usr/bin/python3 -W ignore:setup.py install is deprecated setup.py egg_info --egg-base ../../build/isaacsim build --build-base /home/brainfucker/Arena4-IsaacSim/build/isaacsim/build install --record /home/brainfucker/Arena4-IsaacSim/build/isaacsim/install.log --single-version-externally-managed install_data
