[1.008s] Invoking command in '/home/ducanh/Arena4-IsaacSim/src/ros2isaacsim': PS1=(venv) \[\e]0;\u@\h: \w\a\]${debian_chroot:+($debian_chroot)}\[\033[01;32m\]\u@\h\[\033[00m\]:\[\033[01;34m\]\w\[\033[00m\]\$ PYTHONPATH=/home/ducanh/Arena4-IsaacSim/build/ros2isaacsim/prefix_override:/usr/lib/python3/dist-packages/colcon_core/task/python/colcon_distutils_commands:/home/ducanh/Arena4-IsaacSim/install/ros2isaacsim/lib/python3.10/site-packages:${PYTHONPATH} /usr/bin/python3 -W ignore:setup.py install is deprecated setup.py egg_info --egg-base ../../build/ros2isaacsim build --build-base /home/ducanh/Arena4-IsaacSim/build/ros2isaacsim/build install --record /home/ducanh/Arena4-IsaacSim/build/ros2isaacsim/install.log --single-version-externally-managed install_data
[1.381s] running egg_info
[1.395s] writing ../../build/ros2isaacsim/ros2isaacsim.egg-info/PKG-INFO
[1.405s] writing dependency_links to ../../build/ros2isaacsim/ros2isaacsim.egg-info/dependency_links.txt
[1.405s] writing entry points to ../../build/ros2isaacsim/ros2isaacsim.egg-info/entry_points.txt
[1.405s] writing requirements to ../../build/ros2isaacsim/ros2isaacsim.egg-info/requires.txt
[1.405s] writing top-level names to ../../build/ros2isaacsim/ros2isaacsim.egg-info/top_level.txt
[1.480s] writing manifest file '../../build/ros2isaacsim/ros2isaacsim.egg-info/SOURCES.txt'
[1.480s] running build
[1.480s] running build_py
[1.480s] running install
[1.486s] running install_lib
[1.499s] running install_data
[1.500s] running install_egg_info
[1.513s] removing '/home/ducanh/Arena4-IsaacSim/install/ros2isaacsim/lib/python3.10/site-packages/ros2isaacsim-0.0.0-py3.10.egg-info' (and everything under it)
[1.513s] Copying ../../build/ros2isaacsim/ros2isaacsim.egg-info to /home/ducanh/Arena4-IsaacSim/install/ros2isaacsim/lib/python3.10/site-packages/ros2isaacsim-0.0.0-py3.10.egg-info
[1.514s] running install_scripts
[1.565s] Installing run_isaacsim script to /home/ducanh/Arena4-IsaacSim/install/ros2isaacsim/lib/ros2isaacsim
[1.565s] writing list of installed files to '/home/ducanh/Arena4-IsaacSim/build/ros2isaacsim/install.log'
[1.604s] Invoked command in '/home/ducanh/Arena4-IsaacSim/src/ros2isaacsim' returned '0': PS1=(venv) \[\e]0;\u@\h: \w\a\]${debian_chroot:+($debian_chroot)}\[\033[01;32m\]\u@\h\[\033[00m\]:\[\033[01;34m\]\w\[\033[00m\]\$ PYTHONPATH=/home/ducanh/Arena4-IsaacSim/build/ros2isaacsim/prefix_override:/usr/lib/python3/dist-packages/colcon_core/task/python/colcon_distutils_commands:/home/ducanh/Arena4-IsaacSim/install/ros2isaacsim/lib/python3.10/site-packages:${PYTHONPATH} /usr/bin/python3 -W ignore:setup.py install is deprecated setup.py egg_info --egg-base ../../build/ros2isaacsim build --build-base /home/ducanh/Arena4-IsaacSim/build/ros2isaacsim/build install --record /home/ducanh/Arena4-IsaacSim/build/ros2isaacsim/install.log --single-version-externally-managed install_data
