running egg_info
creating ../../build/ros2isaacsim/ros2isaacsim.egg-info
writing ../../build/ros2isaacsim/ros2isaacsim.egg-info/PKG-INFO
writing dependency_links to ../../build/ros2isaacsim/ros2isaacsim.egg-info/dependency_links.txt
writing entry points to ../../build/ros2isaacsim/ros2isaacsim.egg-info/entry_points.txt
writing requirements to ../../build/ros2isaacsim/ros2isaacsim.egg-info/requires.txt
writing top-level names to ../../build/ros2isaacsim/ros2isaacsim.egg-info/top_level.txt
writing manifest file '../../build/ros2isaacsim/ros2isaacsim.egg-info/SOURCES.txt'
reading manifest file '../../build/ros2isaacsim/ros2isaacsim.egg-info/SOURCES.txt'
writing manifest file '../../build/ros2isaacsim/ros2isaacsim.egg-info/SOURCES.txt'
running build
running build_py
creating /home/brainfucker/Arena4-IsaacSim/build/ros2isaacsim/build
creating /home/brainfucker/Arena4-IsaacSim/build/ros2isaacsim/build/lib
creating /home/brainfucker/Arena4-IsaacSim/build/ros2isaacsim/build/lib/ros2isaacsim
copying ros2isaacsim/__init__.py -> /home/brainfucker/Arena4-IsaacSim/build/ros2isaacsim/build/lib/ros2isaacsim
copying ros2isaacsim/run_isaacsim.py -> /home/brainfucker/Arena4-IsaacSim/build/ros2isaacsim/build/lib/ros2isaacsim
running install
running install_lib
creating /home/brainfucker/Arena4-IsaacSim/install/ros2isaacsim/lib/python3.10/site-packages/ros2isaacsim
copying /home/brainfucker/Arena4-IsaacSim/build/ros2isaacsim/build/lib/ros2isaacsim/__init__.py -> /home/brainfucker/Arena4-IsaacSim/install/ros2isaacsim/lib/python3.10/site-packages/ros2isaacsim
copying /home/brainfucker/Arena4-IsaacSim/build/ros2isaacsim/build/lib/ros2isaacsim/run_isaacsim.py -> /home/brainfucker/Arena4-IsaacSim/install/ros2isaacsim/lib/python3.10/site-packages/ros2isaacsim
byte-compiling /home/brainfucker/Arena4-IsaacSim/install/ros2isaacsim/lib/python3.10/site-packages/ros2isaacsim/__init__.py to __init__.cpython-310.pyc
byte-compiling /home/brainfucker/Arena4-IsaacSim/install/ros2isaacsim/lib/python3.10/site-packages/ros2isaacsim/run_isaacsim.py to run_isaacsim.cpython-310.pyc
running install_data
creating /home/brainfucker/Arena4-IsaacSim/install/ros2isaacsim/share/ament_index
creating /home/brainfucker/Arena4-IsaacSim/install/ros2isaacsim/share/ament_index/resource_index
creating /home/brainfucker/Arena4-IsaacSim/install/ros2isaacsim/share/ament_index/resource_index/packages
copying resource/ros2isaacsim -> /home/brainfucker/Arena4-IsaacSim/install/ros2isaacsim/share/ament_index/resource_index/packages
copying package.xml -> /home/brainfucker/Arena4-IsaacSim/install/ros2isaacsim/share/ros2isaacsim
running install_egg_info
Copying ../../build/ros2isaacsim/ros2isaacsim.egg-info to /home/brainfucker/Arena4-IsaacSim/install/ros2isaacsim/lib/python3.10/site-packages/ros2isaacsim-0.0.0-py3.10.egg-info
running install_scripts
Installing run_isaacsim script to /home/brainfucker/Arena4-IsaacSim/install/ros2isaacsim/lib/ros2isaacsim
writing list of installed files to '/home/brainfucker/Arena4-IsaacSim/build/ros2isaacsim/install.log'
