[0.358s] Invoking command in '/home/brainfucker/Arena4-IsaacSim/src/ros2isaacsim': BYOBU_DATE=%Y-%m-%d PS1=(venv) ${debian_chroot:+($debian_chroot)}\[\033[01;32m\]\u@\h\[\033[00m\]:\[\033[01;34m\]\w\[\033[00m\]\$ PYTHONPATH=/home/brainfucker/Arena4-IsaacSim/build/ros2isaacsim/prefix_override:/usr/lib/python3/dist-packages/colcon_core/task/python/colcon_distutils_commands:/home/brainfucker/Arena4-IsaacSim/install/ros2isaacsim/lib/python3.10/site-packages:${PYTHONPATH} /usr/bin/python3 -W ignore:setup.py install is deprecated setup.py egg_info --egg-base ../../build/ros2isaacsim build --build-base /home/brainfucker/Arena4-IsaacSim/build/ros2isaacsim/build install --record /home/brainfucker/Arena4-IsaacSim/build/ros2isaacsim/install.log --single-version-externally-managed install_data
[0.496s] running egg_info
[0.496s] creating ../../build/ros2isaacsim/ros2isaacsim.egg-info
[0.496s] writing ../../build/ros2isaacsim/ros2isaacsim.egg-info/PKG-INFO
[0.496s] writing dependency_links to ../../build/ros2isaacsim/ros2isaacsim.egg-info/dependency_links.txt
[0.496s] writing entry points to ../../build/ros2isaacsim/ros2isaacsim.egg-info/entry_points.txt
[0.496s] writing requirements to ../../build/ros2isaacsim/ros2isaacsim.egg-info/requires.txt
[0.496s] writing top-level names to ../../build/ros2isaacsim/ros2isaacsim.egg-info/top_level.txt
[0.496s] writing manifest file '../../build/ros2isaacsim/ros2isaacsim.egg-info/SOURCES.txt'
[0.497s] reading manifest file '../../build/ros2isaacsim/ros2isaacsim.egg-info/SOURCES.txt'
[0.498s] writing manifest file '../../build/ros2isaacsim/ros2isaacsim.egg-info/SOURCES.txt'
[0.498s] running build
[0.498s] running build_py
[0.498s] creating /home/brainfucker/Arena4-IsaacSim/build/ros2isaacsim/build
[0.498s] creating /home/brainfucker/Arena4-IsaacSim/build/ros2isaacsim/build/lib
[0.498s] creating /home/brainfucker/Arena4-IsaacSim/build/ros2isaacsim/build/lib/ros2isaacsim
[0.498s] copying ros2isaacsim/__init__.py -> /home/brainfucker/Arena4-IsaacSim/build/ros2isaacsim/build/lib/ros2isaacsim
[0.498s] copying ros2isaacsim/run_isaacsim.py -> /home/brainfucker/Arena4-IsaacSim/build/ros2isaacsim/build/lib/ros2isaacsim
[0.498s] running install
[0.498s] running install_lib
[0.499s] creating /home/brainfucker/Arena4-IsaacSim/install/ros2isaacsim/lib/python3.10/site-packages/ros2isaacsim
[0.499s] copying /home/brainfucker/Arena4-IsaacSim/build/ros2isaacsim/build/lib/ros2isaacsim/__init__.py -> /home/brainfucker/Arena4-IsaacSim/install/ros2isaacsim/lib/python3.10/site-packages/ros2isaacsim
[0.499s] copying /home/brainfucker/Arena4-IsaacSim/build/ros2isaacsim/build/lib/ros2isaacsim/run_isaacsim.py -> /home/brainfucker/Arena4-IsaacSim/install/ros2isaacsim/lib/python3.10/site-packages/ros2isaacsim
[0.499s] byte-compiling /home/brainfucker/Arena4-IsaacSim/install/ros2isaacsim/lib/python3.10/site-packages/ros2isaacsim/__init__.py to __init__.cpython-310.pyc
[0.499s] byte-compiling /home/brainfucker/Arena4-IsaacSim/install/ros2isaacsim/lib/python3.10/site-packages/ros2isaacsim/run_isaacsim.py to run_isaacsim.cpython-310.pyc
[0.499s] running install_data
[0.499s] creating /home/brainfucker/Arena4-IsaacSim/install/ros2isaacsim/share/ament_index
[0.499s] creating /home/brainfucker/Arena4-IsaacSim/install/ros2isaacsim/share/ament_index/resource_index
[0.499s] creating /home/brainfucker/Arena4-IsaacSim/install/ros2isaacsim/share/ament_index/resource_index/packages
[0.500s] copying resource/ros2isaacsim -> /home/brainfucker/Arena4-IsaacSim/install/ros2isaacsim/share/ament_index/resource_index/packages
[0.500s] copying package.xml -> /home/brainfucker/Arena4-IsaacSim/install/ros2isaacsim/share/ros2isaacsim
[0.500s] running install_egg_info
[0.501s] Copying ../../build/ros2isaacsim/ros2isaacsim.egg-info to /home/brainfucker/Arena4-IsaacSim/install/ros2isaacsim/lib/python3.10/site-packages/ros2isaacsim-0.0.0-py3.10.egg-info
[0.501s] running install_scripts
[0.514s] Installing run_isaacsim script to /home/brainfucker/Arena4-IsaacSim/install/ros2isaacsim/lib/ros2isaacsim
[0.514s] writing list of installed files to '/home/brainfucker/Arena4-IsaacSim/build/ros2isaacsim/install.log'
[0.528s] Invoked command in '/home/brainfucker/Arena4-IsaacSim/src/ros2isaacsim' returned '0': BYOBU_DATE=%Y-%m-%d PS1=(venv) ${debian_chroot:+($debian_chroot)}\[\033[01;32m\]\u@\h\[\033[00m\]:\[\033[01;34m\]\w\[\033[00m\]\$ PYTHONPATH=/home/brainfucker/Arena4-IsaacSim/build/ros2isaacsim/prefix_override:/usr/lib/python3/dist-packages/colcon_core/task/python/colcon_distutils_commands:/home/brainfucker/Arena4-IsaacSim/install/ros2isaacsim/lib/python3.10/site-packages:${PYTHONPATH} /usr/bin/python3 -W ignore:setup.py install is deprecated setup.py egg_info --egg-base ../../build/ros2isaacsim build --build-base /home/brainfucker/Arena4-IsaacSim/build/ros2isaacsim/build install --record /home/brainfucker/Arena4-IsaacSim/build/ros2isaacsim/install.log --single-version-externally-managed install_data
