/home/kien/Documents/Arena4-IsaacSim/install/ros2isaacsim/lib/python3.10/site-packages/ros2isaacsim/convert_urdf_usd.py
/home/kien/Documents/Arena4-IsaacSim/install/ros2isaacsim/lib/python3.10/site-packages/ros2isaacsim/run_isaacsim.py
/home/kien/Documents/Arena4-IsaacSim/install/ros2isaacsim/lib/python3.10/site-packages/ros2isaacsim/lidar.py
/home/kien/Documents/Arena4-IsaacSim/install/ros2isaacsim/lib/python3.10/site-packages/ros2isaacsim/__init__.py
/home/kien/Documents/Arena4-IsaacSim/install/ros2isaacsim/lib/python3.10/site-packages/ros2isaacsim/control.py
/home/kien/Documents/Arena4-IsaacSim/install/ros2isaacsim/lib/python3.10/site-packages/ros2isaacsim/test.py
/home/kien/Documents/Arena4-IsaacSim/install/ros2isaacsim/lib/python3.10/site-packages/ros2isaacsim/__pycache__/convert_urdf_usd.cpython-310.pyc
/home/kien/Documents/Arena4-IsaacSim/install/ros2isaacsim/lib/python3.10/site-packages/ros2isaacsim/__pycache__/run_isaacsim.cpython-310.pyc
/home/kien/Documents/Arena4-IsaacSim/install/ros2isaacsim/lib/python3.10/site-packages/ros2isaacsim/__pycache__/lidar.cpython-310.pyc
/home/kien/Documents/Arena4-IsaacSim/install/ros2isaacsim/lib/python3.10/site-packages/ros2isaacsim/__pycache__/__init__.cpython-310.pyc
/home/kien/Documents/Arena4-IsaacSim/install/ros2isaacsim/lib/python3.10/site-packages/ros2isaacsim/__pycache__/control.cpython-310.pyc
/home/kien/Documents/Arena4-IsaacSim/install/ros2isaacsim/lib/python3.10/site-packages/ros2isaacsim/__pycache__/test.cpython-310.pyc
/home/kien/Documents/Arena4-IsaacSim/install/ros2isaacsim/share/ament_index/resource_index/packages/ros2isaacsim
/home/kien/Documents/Arena4-IsaacSim/install/ros2isaacsim/share/ros2isaacsim/package.xml
/home/kien/Documents/Arena4-IsaacSim/install/ros2isaacsim/share/ros2isaacsim/run_isaacsim.launch.py
/home/kien/Documents/Arena4-IsaacSim/install/ros2isaacsim/lib/python3.10/site-packages/ros2isaacsim-0.0.0-py3.10.egg-info/requires.txt
/home/kien/Documents/Arena4-IsaacSim/install/ros2isaacsim/lib/python3.10/site-packages/ros2isaacsim-0.0.0-py3.10.egg-info/top_level.txt
/home/kien/Documents/Arena4-IsaacSim/install/ros2isaacsim/lib/python3.10/site-packages/ros2isaacsim-0.0.0-py3.10.egg-info/entry_points.txt
/home/kien/Documents/Arena4-IsaacSim/install/ros2isaacsim/lib/python3.10/site-packages/ros2isaacsim-0.0.0-py3.10.egg-info/PKG-INFO
/home/kien/Documents/Arena4-IsaacSim/install/ros2isaacsim/lib/python3.10/site-packages/ros2isaacsim-0.0.0-py3.10.egg-info/SOURCES.txt
/home/kien/Documents/Arena4-IsaacSim/install/ros2isaacsim/lib/python3.10/site-packages/ros2isaacsim-0.0.0-py3.10.egg-info/dependency_links.txt
/home/kien/Documents/Arena4-IsaacSim/install/ros2isaacsim/lib/python3.10/site-packages/ros2isaacsim-0.0.0-py3.10.egg-info/zip-safe
/home/kien/Documents/Arena4-IsaacSim/install/ros2isaacsim/lib/ros2isaacsim/control
/home/kien/Documents/Arena4-IsaacSim/install/ros2isaacsim/lib/ros2isaacsim/convert_urdf_usd
/home/kien/Documents/Arena4-IsaacSim/install/ros2isaacsim/lib/ros2isaacsim/run_isaacsim
