[0.693s] Invoking command in '/home/brainfucker/Arena4-IsaacSim/src/ros2isaacsim': PS1=(venv) \[\e]0;\u@\h: \w\a\]${debian_chroot:+($debian_chroot)}\[\033[01;32m\]\u@\h\[\033[00m\]:\[\033[01;34m\]\w\[\033[00m\]\$ PYTHONPATH=/home/brainfucker/Arena4-IsaacSim/build/ros2isaacsim/prefix_override:/usr/lib/python3/dist-packages/colcon_core/task/python/colcon_distutils_commands:/home/brainfucker/Arena4-IsaacSim/install/ros2isaacsim/lib/python3.10/site-packages:${PYTHONPATH} /usr/bin/python3 -W ignore:setup.py install is deprecated setup.py egg_info --egg-base ../../build/ros2isaacsim build --build-base /home/brainfucker/Arena4-IsaacSim/build/ros2isaacsim/build install --record /home/brainfucker/Arena4-IsaacSim/build/ros2isaacsim/install.log --single-version-externally-managed install_data
[0.965s] running egg_info
[0.975s] writing ../../build/ros2isaacsim/ros2isaacsim.egg-info/PKG-INFO
[0.975s] writing dependency_links to ../../build/ros2isaacsim/ros2isaacsim.egg-info/dependency_links.txt
[0.975s] writing entry points to ../../build/ros2isaacsim/ros2isaacsim.egg-info/entry_points.txt
[0.975s] writing requirements to ../../build/ros2isaacsim/ros2isaacsim.egg-info/requires.txt
[0.975s] writing top-level names to ../../build/ros2isaacsim/ros2isaacsim.egg-info/top_level.txt
[1.023s] writing manifest file '../../build/ros2isaacsim/ros2isaacsim.egg-info/SOURCES.txt'
[1.023s] running build
[1.023s] running build_py
[1.024s] running install
[1.027s] running install_lib
[1.037s] running install_data
[1.037s] running install_egg_info
[1.048s] removing '/home/brainfucker/Arena4-IsaacSim/install/ros2isaacsim/lib/python3.10/site-packages/ros2isaacsim-0.0.0-py3.10.egg-info' (and everything under it)
[1.048s] Copying ../../build/ros2isaacsim/ros2isaacsim.egg-info to /home/brainfucker/Arena4-IsaacSim/install/ros2isaacsim/lib/python3.10/site-packages/ros2isaacsim-0.0.0-py3.10.egg-info
[1.048s] running install_scripts
[1.087s] Installing run_isaacsim script to /home/brainfucker/Arena4-IsaacSim/install/ros2isaacsim/lib/ros2isaacsim
[1.088s] writing list of installed files to '/home/brainfucker/Arena4-IsaacSim/build/ros2isaacsim/install.log'
[1.114s] Invoked command in '/home/brainfucker/Arena4-IsaacSim/src/ros2isaacsim' returned '0': PS1=(venv) \[\e]0;\u@\h: \w\a\]${debian_chroot:+($debian_chroot)}\[\033[01;32m\]\u@\h\[\033[00m\]:\[\033[01;34m\]\w\[\033[00m\]\$ PYTHONPATH=/home/brainfucker/Arena4-IsaacSim/build/ros2isaacsim/prefix_override:/usr/lib/python3/dist-packages/colcon_core/task/python/colcon_distutils_commands:/home/brainfucker/Arena4-IsaacSim/install/ros2isaacsim/lib/python3.10/site-packages:${PYTHONPATH} /usr/bin/python3 -W ignore:setup.py install is deprecated setup.py egg_info --egg-base ../../build/ros2isaacsim build --build-base /home/brainfucker/Arena4-IsaacSim/build/ros2isaacsim/build install --record /home/brainfucker/Arena4-IsaacSim/build/ros2isaacsim/install.log --single-version-externally-managed install_data
